<?xml version="1.0" encoding="UTF-8"?>
<!-- Generated by org.testng.reporters.JUnitXMLReporter -->
<testsuite hostname="LAPTOP-25FBABEP" ignored="0" name="ChromeTest" tests="3" failures="0" timestamp="25 Apr 2018 14:17:45 GMT" time="0.104" errors="0">
  <testcase name="@BeforeTest testSetup" time="0.01" classname="com.test.LoginPageTest">
    <failure type="java.lang.NullPointerException">
      <![CDATA[java.lang.NullPointerException
	at com.drivers.CreateDriver.setDriver(CreateDriver.java:127)
	at com.test.LoginPageTest.testSetup(LoginPageTest.java:88)
	at java.util.concurrent.FutureTask.run(FutureTask.java:266)
	at java.util.concurrent.ThreadPoolExecutor.runWorker(ThreadPoolExecutor.java:1149)
	at java.util.concurrent.ThreadPoolExecutor$Worker.run(ThreadPoolExecutor.java:624)
	at java.lang.Thread.run(Thread.java:748)
... Removed 14 stack frames]]>
    </failure>
  </testcase> <!-- @BeforeTest testSetup -->
  <testcase name="@BeforeClass testClassSetup" time="0.038" classname="com.test.LoginPageTest">
    <failure type="java.lang.NullPointerException">
      <![CDATA[java.lang.NullPointerException
	at com.pageobjects.AppLoginPO.loadPage(AppLoginPO.java:69)
	at com.test.LoginPageTest.testClassSetup(LoginPageTest.java:122)
	at java.util.concurrent.FutureTask.run(FutureTask.java:266)
	at java.util.concurrent.ThreadPoolExecutor.runWorker(ThreadPoolExecutor.java:1149)
	at java.util.concurrent.ThreadPoolExecutor$Worker.run(ThreadPoolExecutor.java:624)
	at java.lang.Thread.run(Thread.java:748)
... Removed 16 stack frames]]>
    </failure>
  </testcase> <!-- @BeforeClass testClassSetup -->
  <testcase name="TestCase1_Login_Verify" time="0.0" classname="com.test.LoginPageTest">
    <skipped/>
  </testcase> <!-- TestCase1_Login_Verify -->
  <testcase name="TestCase1_Login_Verify" time="0.0" classname="com.test.LoginPageTest">
    <skipped/>
  </testcase> <!-- TestCase1_Login_Verify -->
  <testcase name="TestCase2_Login_Failed" time="0.0" classname="com.test.LoginPageTest">
    <skipped/>
  </testcase> <!-- TestCase2_Login_Failed -->
</testsuite> <!-- ChromeTest -->
